<?xml version="1.0" encoding="UTF-8"?>
<!-- Generated by org.testng.reporters.JUnitReportReporter -->
<testsuite hostname="IVLT-WIN" failures="0" tests="1" name="ivanmaventest.Mavenjava.SeleniumTest" time="0.029" errors="0" timestamp="2022-04-13T23:05:41 BOT" skipped="0">
  <testcase classname="ivanmaventest.Mavenjava.SeleniumTest" name="BrowserAutomation" time="0.029"/>
  <system-out/>
</testsuite> <!-- ivanmaventest.Mavenjava.SeleniumTest -->
