<?xml version="1.0" encoding="UTF-8"?>
<!-- Generated by org.testng.reporters.JUnitReportReporter -->
<testsuite hostname="IVLT-WIN" failures="0" tests="1" name="ivanmaventest.Mavenjava.RESTAPITest" time="0.013" errors="0" timestamp="2022-04-13T23:01:40 BOT" skipped="0">
  <testcase classname="ivanmaventest.Mavenjava.RESTAPITest" name="PostJira" time="0.013"/>
  <system-out/>
</testsuite> <!-- ivanmaventest.Mavenjava.RESTAPITest -->
