<?xml version="1.0" encoding="UTF-8"?>
<!-- Generated by org.testng.reporters.JUnitReportReporter -->
<testsuite hostname="IVLT-WIN" failures="0" tests="2" name="ivanmaventest.Mavenjava.RESTAPITest" time="0.013" errors="0" timestamp="2022-04-14T19:23:42 BOT" skipped="0">
  <testcase classname="ivanmaventest.Mavenjava.RESTAPITest" name="PostJira" time="0.000"/>
  <system-out/>
  <testcase classname="ivanmaventest.Mavenjava.RESTAPITest" name="DeleteTweet" time="0.013"/>
  <system-out/>
</testsuite> <!-- ivanmaventest.Mavenjava.RESTAPITest -->
