<?xml version="1.0" encoding="UTF-8"?>
<!-- Generated by org.testng.reporters.JUnitReportReporter -->
<testsuite hostname="IVLT-WIN" failures="0" tests="3" name="ivanmaventest.Mavenjava.SeleniumTest" time="0.003" errors="0" timestamp="2022-04-14T19:32:24 BOT" skipped="0">
  <testcase classname="ivanmaventest.Mavenjava.SeleniumTest" name="Login" time="0.001"/>
  <system-out/>
  <testcase classname="ivanmaventest.Mavenjava.SeleniumTest" name="BrowserAutomation" time="0.001"/>
  <system-out/>
  <testcase classname="ivanmaventest.Mavenjava.SeleniumTest" name="ElementsUi" time="0.001"/>
  <system-out/>
</testsuite> <!-- ivanmaventest.Mavenjava.SeleniumTest -->
